2025-июл.-03 18:51:26 PM [main] INFO  org.hibernate.Version - HHH000412: Hibernate ORM core version 6.5.3.Final
2025-июл.-03 18:51:26 PM [main] INFO  org.hibernate.cache.internal.RegionFactoryInitiator - HHH000026: Second-level cache disabled
2025-июл.-03 18:51:26 PM [main] WARN  org.hibernate.orm.connections.pooling - HHH10001002: Using built-in connection pool (not intended for production use)
2025-июл.-03 18:51:26 PM [main] INFO  org.hibernate.orm.connections.pooling - HHH10001005: Loaded JDBC driver class: org.postgresql.Driver
2025-июл.-03 18:51:26 PM [main] INFO  org.hibernate.orm.connections.pooling - HHH10001012: Connecting with JDBC URL [jdbc:postgresql://localhost:5432/hw2]
2025-июл.-03 18:51:26 PM [main] INFO  org.hibernate.orm.connections.pooling - HHH10001001: Connection properties: {password=****, user=postgres}
2025-июл.-03 18:51:26 PM [main] INFO  org.hibernate.orm.connections.pooling - HHH10001003: Autocommit mode: false
2025-июл.-03 18:51:26 PM [main] INFO  org.hibernate.orm.connections.pooling - HHH10001115: Connection pool size: 20 (min=1)
2025-июл.-03 18:51:27 PM [main] INFO  org.hibernate.engine.transaction.jta.platform.internal.JtaPlatformInitiator - HHH000489: No JTA platform available (set 'hibernate.transaction.jta.platform' to enable JTA platform integration)
2025-июл.-03 18:51:27 PM [main] INFO  org.hibernate.orm.connections.access - HHH10001501: Connection obtained from JdbcConnectionAccess [org.hibernate.engine.jdbc.env.internal.JdbcEnvironmentInitiator$ConnectionProviderJdbcConnectionAccess@7558633] for (non-JTA) DDL execution was not in auto-commit mode; the Connection 'local transaction' will be committed and the Connection will be set into auto-commit mode.
2025-июл.-03 18:51:27 PM [main] INFO  org.hibernate.cache.internal.RegionFactoryInitiator - HHH000026: Second-level cache disabled
2025-июл.-03 18:51:27 PM [main] WARN  org.hibernate.orm.connections.pooling - HHH10001002: Using built-in connection pool (not intended for production use)
2025-июл.-03 18:51:27 PM [main] INFO  org.hibernate.orm.connections.pooling - HHH10001005: Loaded JDBC driver class: org.postgresql.Driver
2025-июл.-03 18:51:27 PM [main] INFO  org.hibernate.orm.connections.pooling - HHH10001012: Connecting with JDBC URL [jdbc:postgresql://localhost:5432/hw2]
2025-июл.-03 18:51:27 PM [main] INFO  org.hibernate.orm.connections.pooling - HHH10001001: Connection properties: {password=****, user=postgres}
2025-июл.-03 18:51:27 PM [main] INFO  org.hibernate.orm.connections.pooling - HHH10001003: Autocommit mode: false
2025-июл.-03 18:51:27 PM [main] INFO  org.hibernate.orm.connections.pooling - HHH10001115: Connection pool size: 20 (min=1)
2025-июл.-03 18:51:27 PM [main] INFO  org.hibernate.engine.transaction.jta.platform.internal.JtaPlatformInitiator - HHH000489: No JTA platform available (set 'hibernate.transaction.jta.platform' to enable JTA platform integration)
2025-июл.-03 18:51:27 PM [main] INFO  org.hibernate.orm.connections.access - HHH10001501: Connection obtained from JdbcConnectionAccess [org.hibernate.engine.jdbc.env.internal.JdbcEnvironmentInitiator$ConnectionProviderJdbcConnectionAccess@234cd86c] for (non-JTA) DDL execution was not in auto-commit mode; the Connection 'local transaction' will be committed and the Connection will be set into auto-commit mode.
2025-июл.-03 19:04:14 PM [main] INFO  org.hibernate.Version - HHH000412: Hibernate ORM core version 6.5.3.Final
2025-июл.-03 19:04:14 PM [main] INFO  org.hibernate.cache.internal.RegionFactoryInitiator - HHH000026: Second-level cache disabled
2025-июл.-03 19:04:14 PM [main] WARN  org.hibernate.orm.connections.pooling - HHH10001002: Using built-in connection pool (not intended for production use)
2025-июл.-03 19:04:14 PM [main] INFO  org.hibernate.orm.connections.pooling - HHH10001005: Loaded JDBC driver class: org.postgresql.Driver
2025-июл.-03 19:04:14 PM [main] INFO  org.hibernate.orm.connections.pooling - HHH10001012: Connecting with JDBC URL [jdbc:postgresql://localhost:5432/hw2]
2025-июл.-03 19:04:14 PM [main] INFO  org.hibernate.orm.connections.pooling - HHH10001001: Connection properties: {password=****, user=postgres}
2025-июл.-03 19:04:14 PM [main] INFO  org.hibernate.orm.connections.pooling - HHH10001003: Autocommit mode: false
2025-июл.-03 19:04:14 PM [main] INFO  org.hibernate.orm.connections.pooling - HHH10001115: Connection pool size: 20 (min=1)
2025-июл.-03 19:04:15 PM [main] INFO  org.hibernate.engine.transaction.jta.platform.internal.JtaPlatformInitiator - HHH000489: No JTA platform available (set 'hibernate.transaction.jta.platform' to enable JTA platform integration)
2025-июл.-03 19:04:15 PM [main] INFO  org.hibernate.orm.connections.access - HHH10001501: Connection obtained from JdbcConnectionAccess [org.hibernate.engine.jdbc.env.internal.JdbcEnvironmentInitiator$ConnectionProviderJdbcConnectionAccess@3815146b] for (non-JTA) DDL execution was not in auto-commit mode; the Connection 'local transaction' will be committed and the Connection will be set into auto-commit mode.
2025-июл.-03 19:04:15 PM [main] INFO  org.hibernate.cache.internal.RegionFactoryInitiator - HHH000026: Second-level cache disabled
2025-июл.-03 19:04:15 PM [main] WARN  org.hibernate.orm.connections.pooling - HHH10001002: Using built-in connection pool (not intended for production use)
2025-июл.-03 19:04:15 PM [main] INFO  org.hibernate.orm.connections.pooling - HHH10001005: Loaded JDBC driver class: org.postgresql.Driver
2025-июл.-03 19:04:15 PM [main] INFO  org.hibernate.orm.connections.pooling - HHH10001012: Connecting with JDBC URL [jdbc:postgresql://localhost:5432/hw2]
2025-июл.-03 19:04:15 PM [main] INFO  org.hibernate.orm.connections.pooling - HHH10001001: Connection properties: {password=****, user=postgres}
2025-июл.-03 19:04:15 PM [main] INFO  org.hibernate.orm.connections.pooling - HHH10001003: Autocommit mode: false
2025-июл.-03 19:04:15 PM [main] INFO  org.hibernate.orm.connections.pooling - HHH10001115: Connection pool size: 20 (min=1)
2025-июл.-03 19:04:15 PM [main] INFO  org.hibernate.engine.transaction.jta.platform.internal.JtaPlatformInitiator - HHH000489: No JTA platform available (set 'hibernate.transaction.jta.platform' to enable JTA platform integration)
2025-июл.-03 19:04:15 PM [main] INFO  org.hibernate.orm.connections.access - HHH10001501: Connection obtained from JdbcConnectionAccess [org.hibernate.engine.jdbc.env.internal.JdbcEnvironmentInitiator$ConnectionProviderJdbcConnectionAccess@32ab408e] for (non-JTA) DDL execution was not in auto-commit mode; the Connection 'local transaction' will be committed and the Connection will be set into auto-commit mode.
2025-июл.-03 19:04:39 PM [main] INFO  org.hibernate.cache.internal.RegionFactoryInitiator - HHH000026: Second-level cache disabled
2025-июл.-03 19:04:39 PM [main] WARN  org.hibernate.orm.connections.pooling - HHH10001002: Using built-in connection pool (not intended for production use)
2025-июл.-03 19:04:39 PM [main] INFO  org.hibernate.orm.connections.pooling - HHH10001005: Loaded JDBC driver class: org.postgresql.Driver
2025-июл.-03 19:04:39 PM [main] INFO  org.hibernate.orm.connections.pooling - HHH10001012: Connecting with JDBC URL [jdbc:postgresql://localhost:5432/hw2]
2025-июл.-03 19:04:39 PM [main] INFO  org.hibernate.orm.connections.pooling - HHH10001001: Connection properties: {password=****, user=postgres}
2025-июл.-03 19:04:39 PM [main] INFO  org.hibernate.orm.connections.pooling - HHH10001003: Autocommit mode: false
2025-июл.-03 19:04:39 PM [main] INFO  org.hibernate.orm.connections.pooling - HHH10001115: Connection pool size: 20 (min=1)
2025-июл.-03 19:04:39 PM [main] INFO  org.hibernate.engine.transaction.jta.platform.internal.JtaPlatformInitiator - HHH000489: No JTA platform available (set 'hibernate.transaction.jta.platform' to enable JTA platform integration)
2025-июл.-03 19:04:39 PM [main] INFO  org.hibernate.orm.connections.access - HHH10001501: Connection obtained from JdbcConnectionAccess [org.hibernate.engine.jdbc.env.internal.JdbcEnvironmentInitiator$ConnectionProviderJdbcConnectionAccess@6615237] for (non-JTA) DDL execution was not in auto-commit mode; the Connection 'local transaction' will be committed and the Connection will be set into auto-commit mode.
2025-июл.-03 19:05:05 PM [main] INFO  org.hibernate.cache.internal.RegionFactoryInitiator - HHH000026: Second-level cache disabled
2025-июл.-03 19:05:05 PM [main] WARN  org.hibernate.orm.connections.pooling - HHH10001002: Using built-in connection pool (not intended for production use)
2025-июл.-03 19:05:05 PM [main] INFO  org.hibernate.orm.connections.pooling - HHH10001005: Loaded JDBC driver class: org.postgresql.Driver
2025-июл.-03 19:05:05 PM [main] INFO  org.hibernate.orm.connections.pooling - HHH10001012: Connecting with JDBC URL [jdbc:postgresql://localhost:5432/hw2]
2025-июл.-03 19:05:05 PM [main] INFO  org.hibernate.orm.connections.pooling - HHH10001001: Connection properties: {password=****, user=postgres}
2025-июл.-03 19:05:05 PM [main] INFO  org.hibernate.orm.connections.pooling - HHH10001003: Autocommit mode: false
2025-июл.-03 19:05:05 PM [main] INFO  org.hibernate.orm.connections.pooling - HHH10001115: Connection pool size: 20 (min=1)
2025-июл.-03 19:05:05 PM [main] INFO  org.hibernate.engine.transaction.jta.platform.internal.JtaPlatformInitiator - HHH000489: No JTA platform available (set 'hibernate.transaction.jta.platform' to enable JTA platform integration)
2025-июл.-03 19:05:05 PM [main] INFO  org.hibernate.orm.connections.access - HHH10001501: Connection obtained from JdbcConnectionAccess [org.hibernate.engine.jdbc.env.internal.JdbcEnvironmentInitiator$ConnectionProviderJdbcConnectionAccess@52b30054] for (non-JTA) DDL execution was not in auto-commit mode; the Connection 'local transaction' will be committed and the Connection will be set into auto-commit mode.
2025-июл.-03 19:05:07 PM [main] INFO  org.hibernate.cache.internal.RegionFactoryInitiator - HHH000026: Second-level cache disabled
2025-июл.-03 19:05:07 PM [main] WARN  org.hibernate.orm.connections.pooling - HHH10001002: Using built-in connection pool (not intended for production use)
2025-июл.-03 19:05:07 PM [main] INFO  org.hibernate.orm.connections.pooling - HHH10001005: Loaded JDBC driver class: org.postgresql.Driver
2025-июл.-03 19:05:07 PM [main] INFO  org.hibernate.orm.connections.pooling - HHH10001012: Connecting with JDBC URL [jdbc:postgresql://localhost:5432/hw2]
2025-июл.-03 19:05:07 PM [main] INFO  org.hibernate.orm.connections.pooling - HHH10001001: Connection properties: {password=****, user=postgres}
2025-июл.-03 19:05:07 PM [main] INFO  org.hibernate.orm.connections.pooling - HHH10001003: Autocommit mode: false
2025-июл.-03 19:05:07 PM [main] INFO  org.hibernate.orm.connections.pooling - HHH10001115: Connection pool size: 20 (min=1)
2025-июл.-03 19:05:07 PM [main] INFO  org.hibernate.engine.transaction.jta.platform.internal.JtaPlatformInitiator - HHH000489: No JTA platform available (set 'hibernate.transaction.jta.platform' to enable JTA platform integration)
2025-июл.-03 19:05:07 PM [main] INFO  org.hibernate.orm.connections.access - HHH10001501: Connection obtained from JdbcConnectionAccess [org.hibernate.engine.jdbc.env.internal.JdbcEnvironmentInitiator$ConnectionProviderJdbcConnectionAccess@674aa626] for (non-JTA) DDL execution was not in auto-commit mode; the Connection 'local transaction' will be committed and the Connection will be set into auto-commit mode.
2025-июл.-03 19:05:50 PM [main] INFO  org.hibernate.cache.internal.RegionFactoryInitiator - HHH000026: Second-level cache disabled
2025-июл.-03 19:05:50 PM [main] WARN  org.hibernate.orm.connections.pooling - HHH10001002: Using built-in connection pool (not intended for production use)
2025-июл.-03 19:05:50 PM [main] INFO  org.hibernate.orm.connections.pooling - HHH10001005: Loaded JDBC driver class: org.postgresql.Driver
2025-июл.-03 19:05:50 PM [main] INFO  org.hibernate.orm.connections.pooling - HHH10001012: Connecting with JDBC URL [jdbc:postgresql://localhost:5432/hw2]
2025-июл.-03 19:05:50 PM [main] INFO  org.hibernate.orm.connections.pooling - HHH10001001: Connection properties: {password=****, user=postgres}
2025-июл.-03 19:05:50 PM [main] INFO  org.hibernate.orm.connections.pooling - HHH10001003: Autocommit mode: false
2025-июл.-03 19:05:50 PM [main] INFO  org.hibernate.orm.connections.pooling - HHH10001115: Connection pool size: 20 (min=1)
2025-июл.-03 19:05:50 PM [main] INFO  org.hibernate.engine.transaction.jta.platform.internal.JtaPlatformInitiator - HHH000489: No JTA platform available (set 'hibernate.transaction.jta.platform' to enable JTA platform integration)
2025-июл.-03 19:05:50 PM [main] INFO  org.hibernate.orm.connections.access - HHH10001501: Connection obtained from JdbcConnectionAccess [org.hibernate.engine.jdbc.env.internal.JdbcEnvironmentInitiator$ConnectionProviderJdbcConnectionAccess@53ba7997] for (non-JTA) DDL execution was not in auto-commit mode; the Connection 'local transaction' will be committed and the Connection will be set into auto-commit mode.
2025-июл.-03 19:06:06 PM [main] INFO  org.hibernate.cache.internal.RegionFactoryInitiator - HHH000026: Second-level cache disabled
2025-июл.-03 19:06:06 PM [main] WARN  org.hibernate.orm.connections.pooling - HHH10001002: Using built-in connection pool (not intended for production use)
2025-июл.-03 19:06:06 PM [main] INFO  org.hibernate.orm.connections.pooling - HHH10001005: Loaded JDBC driver class: org.postgresql.Driver
2025-июл.-03 19:06:06 PM [main] INFO  org.hibernate.orm.connections.pooling - HHH10001012: Connecting with JDBC URL [jdbc:postgresql://localhost:5432/hw2]
2025-июл.-03 19:06:06 PM [main] INFO  org.hibernate.orm.connections.pooling - HHH10001001: Connection properties: {password=****, user=postgres}
2025-июл.-03 19:06:06 PM [main] INFO  org.hibernate.orm.connections.pooling - HHH10001003: Autocommit mode: false
2025-июл.-03 19:06:06 PM [main] INFO  org.hibernate.orm.connections.pooling - HHH10001115: Connection pool size: 20 (min=1)
2025-июл.-03 19:06:06 PM [main] INFO  org.hibernate.engine.transaction.jta.platform.internal.JtaPlatformInitiator - HHH000489: No JTA platform available (set 'hibernate.transaction.jta.platform' to enable JTA platform integration)
2025-июл.-03 19:06:06 PM [main] INFO  org.hibernate.orm.connections.access - HHH10001501: Connection obtained from JdbcConnectionAccess [org.hibernate.engine.jdbc.env.internal.JdbcEnvironmentInitiator$ConnectionProviderJdbcConnectionAccess@147c00aa] for (non-JTA) DDL execution was not in auto-commit mode; the Connection 'local transaction' will be committed and the Connection will be set into auto-commit mode.
2025-июл.-03 19:06:11 PM [main] INFO  org.hibernate.cache.internal.RegionFactoryInitiator - HHH000026: Second-level cache disabled
2025-июл.-03 19:06:11 PM [main] WARN  org.hibernate.orm.connections.pooling - HHH10001002: Using built-in connection pool (not intended for production use)
2025-июл.-03 19:06:11 PM [main] INFO  org.hibernate.orm.connections.pooling - HHH10001005: Loaded JDBC driver class: org.postgresql.Driver
2025-июл.-03 19:06:11 PM [main] INFO  org.hibernate.orm.connections.pooling - HHH10001012: Connecting with JDBC URL [jdbc:postgresql://localhost:5432/hw2]
2025-июл.-03 19:06:11 PM [main] INFO  org.hibernate.orm.connections.pooling - HHH10001001: Connection properties: {password=****, user=postgres}
2025-июл.-03 19:06:11 PM [main] INFO  org.hibernate.orm.connections.pooling - HHH10001003: Autocommit mode: false
2025-июл.-03 19:06:11 PM [main] INFO  org.hibernate.orm.connections.pooling - HHH10001115: Connection pool size: 20 (min=1)
2025-июл.-03 19:06:11 PM [main] INFO  org.hibernate.engine.transaction.jta.platform.internal.JtaPlatformInitiator - HHH000489: No JTA platform available (set 'hibernate.transaction.jta.platform' to enable JTA platform integration)
2025-июл.-03 19:06:11 PM [main] INFO  org.hibernate.orm.connections.access - HHH10001501: Connection obtained from JdbcConnectionAccess [org.hibernate.engine.jdbc.env.internal.JdbcEnvironmentInitiator$ConnectionProviderJdbcConnectionAccess@6df2a206] for (non-JTA) DDL execution was not in auto-commit mode; the Connection 'local transaction' will be committed and the Connection will be set into auto-commit mode.
2025-июл.-03 19:06:44 PM [main] INFO  org.hibernate.cache.internal.RegionFactoryInitiator - HHH000026: Second-level cache disabled
2025-июл.-03 19:06:44 PM [main] WARN  org.hibernate.orm.connections.pooling - HHH10001002: Using built-in connection pool (not intended for production use)
2025-июл.-03 19:06:44 PM [main] INFO  org.hibernate.orm.connections.pooling - HHH10001005: Loaded JDBC driver class: org.postgresql.Driver
2025-июл.-03 19:06:44 PM [main] INFO  org.hibernate.orm.connections.pooling - HHH10001012: Connecting with JDBC URL [jdbc:postgresql://localhost:5432/hw2]
2025-июл.-03 19:06:44 PM [main] INFO  org.hibernate.orm.connections.pooling - HHH10001001: Connection properties: {password=****, user=postgres}
2025-июл.-03 19:06:44 PM [main] INFO  org.hibernate.orm.connections.pooling - HHH10001003: Autocommit mode: false
2025-июл.-03 19:06:44 PM [main] INFO  org.hibernate.orm.connections.pooling - HHH10001115: Connection pool size: 20 (min=1)
2025-июл.-03 19:06:44 PM [main] INFO  org.hibernate.engine.transaction.jta.platform.internal.JtaPlatformInitiator - HHH000489: No JTA platform available (set 'hibernate.transaction.jta.platform' to enable JTA platform integration)
2025-июл.-03 19:06:44 PM [main] INFO  org.hibernate.orm.connections.access - HHH10001501: Connection obtained from JdbcConnectionAccess [org.hibernate.engine.jdbc.env.internal.JdbcEnvironmentInitiator$ConnectionProviderJdbcConnectionAccess@3c71cf3e] for (non-JTA) DDL execution was not in auto-commit mode; the Connection 'local transaction' will be committed and the Connection will be set into auto-commit mode.
2025-июл.-03 19:06:44 PM [main] INFO  org.hibernate.cache.internal.RegionFactoryInitiator - HHH000026: Second-level cache disabled
2025-июл.-03 19:06:44 PM [main] WARN  org.hibernate.orm.connections.pooling - HHH10001002: Using built-in connection pool (not intended for production use)
2025-июл.-03 19:06:44 PM [main] INFO  org.hibernate.orm.connections.pooling - HHH10001005: Loaded JDBC driver class: org.postgresql.Driver
2025-июл.-03 19:06:44 PM [main] INFO  org.hibernate.orm.connections.pooling - HHH10001012: Connecting with JDBC URL [jdbc:postgresql://localhost:5432/hw2]
2025-июл.-03 19:06:44 PM [main] INFO  org.hibernate.orm.connections.pooling - HHH10001001: Connection properties: {password=****, user=postgres}
2025-июл.-03 19:06:44 PM [main] INFO  org.hibernate.orm.connections.pooling - HHH10001003: Autocommit mode: false
2025-июл.-03 19:06:44 PM [main] INFO  org.hibernate.orm.connections.pooling - HHH10001115: Connection pool size: 20 (min=1)
2025-июл.-03 19:06:44 PM [main] INFO  org.hibernate.engine.transaction.jta.platform.internal.JtaPlatformInitiator - HHH000489: No JTA platform available (set 'hibernate.transaction.jta.platform' to enable JTA platform integration)
2025-июл.-03 19:06:44 PM [main] INFO  org.hibernate.orm.connections.access - HHH10001501: Connection obtained from JdbcConnectionAccess [org.hibernate.engine.jdbc.env.internal.JdbcEnvironmentInitiator$ConnectionProviderJdbcConnectionAccess@24fef542] for (non-JTA) DDL execution was not in auto-commit mode; the Connection 'local transaction' will be committed and the Connection will be set into auto-commit mode.
2025-июл.-03 19:06:47 PM [main] INFO  org.hibernate.cache.internal.RegionFactoryInitiator - HHH000026: Second-level cache disabled
2025-июл.-03 19:06:47 PM [main] WARN  org.hibernate.orm.connections.pooling - HHH10001002: Using built-in connection pool (not intended for production use)
2025-июл.-03 19:06:47 PM [main] INFO  org.hibernate.orm.connections.pooling - HHH10001005: Loaded JDBC driver class: org.postgresql.Driver
2025-июл.-03 19:06:47 PM [main] INFO  org.hibernate.orm.connections.pooling - HHH10001012: Connecting with JDBC URL [jdbc:postgresql://localhost:5432/hw2]
2025-июл.-03 19:06:47 PM [main] INFO  org.hibernate.orm.connections.pooling - HHH10001001: Connection properties: {password=****, user=postgres}
2025-июл.-03 19:06:47 PM [main] INFO  org.hibernate.orm.connections.pooling - HHH10001003: Autocommit mode: false
2025-июл.-03 19:06:47 PM [main] INFO  org.hibernate.orm.connections.pooling - HHH10001115: Connection pool size: 20 (min=1)
2025-июл.-03 19:06:47 PM [main] INFO  org.hibernate.engine.transaction.jta.platform.internal.JtaPlatformInitiator - HHH000489: No JTA platform available (set 'hibernate.transaction.jta.platform' to enable JTA platform integration)
2025-июл.-03 19:06:47 PM [main] INFO  org.hibernate.orm.connections.access - HHH10001501: Connection obtained from JdbcConnectionAccess [org.hibernate.engine.jdbc.env.internal.JdbcEnvironmentInitiator$ConnectionProviderJdbcConnectionAccess@8549c5f] for (non-JTA) DDL execution was not in auto-commit mode; the Connection 'local transaction' will be committed and the Connection will be set into auto-commit mode.
